<?xml version="1.0" encoding="UTF-8"?>
<!-- Generated by org.testng.reporters.JUnitReportReporter -->
<testsuite hostname="Thirumalesh" failures="0" tests="1" name="com.sample.crud.withoutBdd.SampleTestForCompleteUpdateTest" time="2.425" errors="0" timestamp="2026-05-25T17:31:55 IST" skipped="0">
  <testcase classname="com.sample.crud.withoutBdd.SampleTestForCompleteUpdateTest" name="putDataToServer" time="2.425"/>
</testsuite> <!-- com.sample.crud.withoutBdd.SampleTestForCompleteUpdateTest -->
