<?xml version="1.0" encoding="UTF-8"?>
<!-- Generated by org.testng.reporters.JUnitReportReporter -->
<testsuite hostname="Thirumalesh" failures="0" tests="1" name="practice.response.validation.using.assertion.VerifyResponseHeaderTest" time="2.581" errors="0" timestamp="2026-05-29T13:50:35 IST" skipped="0">
  <testcase classname="practice.response.validation.using.assertion.VerifyResponseHeaderTest" name="verifyHeader" time="2.581"/>
</testsuite> <!-- practice.response.validation.using.assertion.VerifyResponseHeaderTest -->
