<?xml version="1.0" encoding="UTF-8"?>
<!-- Generated by org.testng.reporters.JUnitReportReporter -->
<testsuite hostname="Thirumalesh" failures="0" tests="1" name="practice.Complex.PostRequestTypes.PostReq_Vai_PojoClassTest4" time="3.560" errors="0" timestamp="2026-05-29T12:58:56 IST" skipped="0">
  <testcase classname="practice.Complex.PostRequestTypes.PostReq_Vai_PojoClassTest4" name="postDataToServer" time="3.560"/>
</testsuite> <!-- practice.Complex.PostRequestTypes.PostReq_Vai_PojoClassTest4 -->
