<?xml version="1.0" encoding="UTF-8"?>
<!-- Generated by org.testng.reporters.JUnitReportReporter -->
<testsuite hostname="Thirumalesh" failures="0" tests="1" name="mislenious.wireMock" time="1.120" errors="1" timestamp="2026-06-04T12:45:34 IST" skipped="0">
  <testcase classname="mislenious.wireMock" name="debitCardTest" time="1.120">
    <error message="com/fasterxml/jackson/annotation/JsonSerializeAs" type="java.lang.NoClassDefFoundError">
      <![CDATA[java.lang.NoClassDefFoundError: com/fasterxml/jackson/annotation/JsonSerializeAs
at tools.jackson.databind.introspect.JacksonAnnotationIntrospector.<clinit>(JacksonAnnotationIntrospector.java:37)
at tools.jackson.databind.cfg.MapperBuilder.<clinit>(MapperBuilder.java:50)
at tools.jackson.databind.json.JsonMapper.builder(JsonMapper.java:147)
at io.restassured.path.json.mapper.factory.DefaultJackson3ObjectMapperFactory.create(DefaultJackson3ObjectMapperFactory.java:30)
at io.restassured.path.json.mapper.factory.DefaultJackson3ObjectMapperFactory.create(DefaultJackson3ObjectMapperFactory.java:28)
at org.codehaus.groovy.vmplugin.v8.IndyInterface.fromCache(IndyInterface.java:344)
at io.restassured.internal.mapping.Jackson3Mapper.createJackson3JsonMapper(Jackson3Mapper.groovy:45)
at org.codehaus.groovy.vmplugin.v8.IndyInterface.fromCache(IndyInterface.java:344)
at io.restassured.internal.mapping.Jackson3Mapper.serialize(Jackson3Mapper.groovy:51)
at io.restassured.internal.mapping.Jackson3Mapper.serialize(Jackson3Mapper.groovy)
at org.codehaus.groovy.vmplugin.v8.IndyInterface.fromCache(IndyInterface.java:344)
at io.restassured.internal.mapping.ObjectMapping.serializeWithJackson3(ObjectMapping.groovy:233)
at org.codehaus.groovy.vmplugin.v8.IndyInterface.fromCache(IndyInterface.java:344)
at io.restassured.internal.mapping.ObjectMapping.serialize(ObjectMapping.groovy:162)
at org.codehaus.groovy.vmplugin.v8.IndyInterface.fromCache(IndyInterface.java:344)
at io.restassured.internal.RequestSpecificationImpl.body(RequestSpecificationImpl.groovy:857)
at mislenious.wireMock.debitCardTest(wireMock.java:21)
at java.base/jdk.internal.reflect.NativeMethodAccessorImpl.invoke0(Native Method)
at java.base/jdk.internal.reflect.NativeMethodAccessorImpl.invoke(NativeMethodAccessorImpl.java:77)
at java.base/jdk.internal.reflect.DelegatingMethodAccessorImpl.invoke(DelegatingMethodAccessorImpl.java:43)
at java.base/java.lang.reflect.Method.invoke(Method.java:568)
at org.testng.internal.invokers.MethodInvocationHelper.invokeMethod(MethodInvocationHelper.java:141)
at org.testng.internal.invokers.TestInvoker.invokeMethod(TestInvoker.java:686)
at org.testng.internal.invokers.TestInvoker.invokeTestMethod(TestInvoker.java:230)
at org.testng.internal.invokers.MethodRunner.runInSequence(MethodRunner.java:63)
at org.testng.internal.invokers.TestInvoker$MethodInvocationAgent.invoke(TestInvoker.java:992)
at org.testng.internal.invokers.TestInvoker.invokeTestMethods(TestInvoker.java:203)
at org.testng.internal.invokers.TestMethodWorker.invokeTestMethods(TestMethodWorker.java:154)
at org.testng.internal.invokers.TestMethodWorker.run(TestMethodWorker.java:134)
at java.base/java.util.ArrayList.forEach(ArrayList.java:1511)
at org.testng.TestRunner.privateRun(TestRunner.java:739)
at org.testng.TestRunner.run(TestRunner.java:614)
at org.testng.SuiteRunner.runTest(SuiteRunner.java:421)
at org.testng.SuiteRunner.runSequentially(SuiteRunner.java:413)
at org.testng.SuiteRunner.privateRun(SuiteRunner.java:373)
at org.testng.SuiteRunner.run(SuiteRunner.java:312)
at org.testng.SuiteRunnerWorker.runSuite(SuiteRunnerWorker.java:52)
at org.testng.SuiteRunnerWorker.run(SuiteRunnerWorker.java:95)
at org.testng.TestNG.runSuitesSequentially(TestNG.java:1274)
at org.testng.TestNG.runSuitesLocally(TestNG.java:1208)
at org.testng.TestNG.runSuites(TestNG.java:1112)
at org.testng.TestNG.run(TestNG.java:1079)
at org.testng.remote.AbstractRemoteTestNG.run(AbstractRemoteTestNG.java:115)
at org.testng.remote.RemoteTestNG.initAndRun(RemoteTestNG.java:293)
at org.testng.remote.RemoteTestNG.main(RemoteTestNG.java:91)
Caused by: java.lang.ClassNotFoundException: com.fasterxml.jackson.annotation.JsonSerializeAs
at java.base/jdk.internal.loader.BuiltinClassLoader.loadClass(BuiltinClassLoader.java:641)
at java.base/jdk.internal.loader.ClassLoaders$AppClassLoader.loadClass(ClassLoaders.java:188)
at java.base/java.lang.ClassLoader.loadClass(ClassLoader.java:525)
... 45 more
]]>
    </error>
  </testcase> <!-- debitCardTest -->
</testsuite> <!-- mislenious.wireMock -->
