<?xml version="1.0" encoding="UTF-8"?>
<!-- Generated by org.testng.reporters.JUnitReportReporter -->
<testsuite hostname="Thirumalesh" failures="0" tests="1" name="practice.Complex.PostRequestTypes.PostReq_Via_JsonFileTest3" time="3.379" errors="0" timestamp="2026-05-29T12:16:42 IST" skipped="0">
  <testcase classname="practice.Complex.PostRequestTypes.PostReq_Via_JsonFileTest3" name="postDataToServer" time="3.379"/>
</testsuite> <!-- practice.Complex.PostRequestTypes.PostReq_Via_JsonFileTest3 -->
