<?xml version="1.0" encoding="UTF-8"?>
<!-- Generated by org.testng.reporters.JUnitReportReporter -->
<testsuite hostname="Thirumalesh" failures="0" tests="1" name="practice.response.validation.using.assertion.VerifyDataComplexJsonPath" time="2.329" errors="0" timestamp="2026-05-30T15:30:59 IST" skipped="0">
  <testcase classname="practice.response.validation.using.assertion.VerifyDataComplexJsonPath" name="sampleTest" time="2.329"/>
</testsuite> <!-- practice.response.validation.using.assertion.VerifyDataComplexJsonPath -->
