<?xml version="1.0" encoding="UTF-8"?>
<!-- Generated by org.testng.reporters.JUnitReportReporter -->
<testsuite hostname="Thirumalesh" failures="0" tests="1" name="practice.response.validation.using.assertion.VerifyResponseTimeTest" time="2.114" errors="0" timestamp="2026-05-30T11:28:18 IST" skipped="0">
  <testcase classname="practice.response.validation.using.assertion.VerifyResponseTimeTest" name="verifyHeader" time="2.114"/>
</testsuite> <!-- practice.response.validation.using.assertion.VerifyResponseTimeTest -->
