<?xml version="1.0" encoding="UTF-8"?>
<!-- Generated by org.testng.reporters.JUnitReportReporter -->
<testsuite hostname="Thirumalesh" failures="0" tests="1" name="practice.response.validation.using.assertion.PrintAllProjectsName_Via_JsonPath" time="2.859" errors="0" timestamp="2026-05-30T14:55:05 IST" skipped="0">
  <testcase classname="practice.response.validation.using.assertion.PrintAllProjectsName_Via_JsonPath" name="sampleTest" time="2.859"/>
</testsuite> <!-- practice.response.validation.using.assertion.PrintAllProjectsName_Via_JsonPath -->
