<?xml version="1.0" encoding="UTF-8"?>
<!-- Generated by org.testng.reporters.JUnitReportReporter -->
<testsuite hostname="Thirumalesh" failures="0" tests="1" name="practice.response.validation.using.assertion.VerifyResponseBody_via_JsonPath" time="2.825" errors="0" timestamp="2026-05-30T13:27:18 IST" skipped="0">
  <testcase classname="practice.response.validation.using.assertion.VerifyResponseBody_via_JsonPath" name="sampleTest" time="2.825"/>
</testsuite> <!-- practice.response.validation.using.assertion.VerifyResponseBody_via_JsonPath -->
